c:\users\vados78\source\repos\coursework1\x64\debug\vc143.pdb
c:\users\vados78\source\repos\coursework1\x64\debug\vc143.idb
c:\users\vados78\source\repos\coursework1\x64\debug\type8.obj
c:\users\vados78\source\repos\coursework1\x64\debug\type7.obj
c:\users\vados78\source\repos\coursework1\x64\debug\type6.obj
c:\users\vados78\source\repos\coursework1\x64\debug\type5.obj
c:\users\vados78\source\repos\coursework1\x64\debug\type4.obj
c:\users\vados78\source\repos\coursework1\x64\debug\type3.obj
c:\users\vados78\source\repos\coursework1\x64\debug\type2.obj
c:\users\vados78\source\repos\coursework1\x64\debug\type1.obj
c:\users\vados78\source\repos\coursework1\x64\debug\functions.obj
c:\users\vados78\source\repos\coursework1\x64\debug\coursework1.obj
c:\users\vados78\source\repos\coursework1\x64\debug\coursework1.exe
c:\users\vados78\source\repos\coursework1\x64\debug\coursework1.ilk
c:\users\vados78\source\repos\coursework1\x64\debug\coursework1.pdb
c:\users\vados78\source\repos\coursework1\x64\debug\coursework1.tlog\cl.command.1.tlog
c:\users\vados78\source\repos\coursework1\x64\debug\coursework1.tlog\cl.read.1.tlog
c:\users\vados78\source\repos\coursework1\x64\debug\coursework1.tlog\cl.write.1.tlog
c:\users\vados78\source\repos\coursework1\x64\debug\coursework1.tlog\link.command.1.tlog
c:\users\vados78\source\repos\coursework1\x64\debug\coursework1.tlog\link.read.1.tlog
c:\users\vados78\source\repos\coursework1\x64\debug\coursework1.tlog\link.write.1.tlog
